<?xml version="1.0" encoding="UTF-8"?>
<!-- Generated by org.testng.reporters.JUnitReportReporter -->
<testsuite skipped="0" hostname="DESKTOP-0R47FKO" name="com.pk.API.AddPlaceResonse_Parsing" tests="1" failures="0" timestamp="14 Sep 2020 13:44:07 GMT" time="11.749" errors="0">
  <testcase name="parseResponse" time="11.749" classname="com.pk.API.AddPlaceResonse_Parsing"/>
</testsuite> <!-- com.pk.API.AddPlaceResonse_Parsing -->
