<?xml version="1.0" encoding="UTF-8"?>
<!-- Generated by org.testng.reporters.JUnitReportReporter -->
<testsuite skipped="0" hostname="DESKTOP-0R47FKO" name="com.pk.API.Sample" tests="1" failures="0" timestamp="14 Sep 2020 08:10:36 GMT" time="8.062" errors="0">
  <testcase name="verifyPostRequeest" time="8.062" classname="com.pk.API.Sample"/>
</testsuite> <!-- com.pk.API.Sample -->
