<?xml version="1.0" encoding="UTF-8"?>
<!-- Generated by org.testng.reporters.JUnitReportReporter -->
<testsuite skipped="0" hostname="DESKTOP-0R47FKO" name="com.pk.API.ParseComplexJson" tests="1" failures="0" timestamp="14 Sep 2020 14:52:44 GMT" time="2.937" errors="0">
  <testcase name="parseComlexJson" time="2.937" classname="com.pk.API.ParseComplexJson"/>
</testsuite> <!-- com.pk.API.ParseComplexJson -->
